[17-Aug-2020 10:27:02 UTC] PHP Parse error:  syntax error, unexpected 'do_shortcode' (T_STRING) in C:\Users\BELLkawaii1\Local Sites\graphy\app\public\wp-content\themes\graphy\header.php on line 57
[17-Aug-2020 10:27:25 UTC] PHP Parse error:  syntax error, unexpected 'do_shortcode' (T_STRING) in C:\Users\BELLkawaii1\Local Sites\graphy\app\public\wp-content\themes\graphy\header.php on line 57
[17-Aug-2020 10:27:54 UTC] PHP Parse error:  syntax error, unexpected 'do_shortcode' (T_STRING) in C:\Users\BELLkawaii1\Local Sites\graphy\app\public\wp-content\themes\graphy\header.php on line 57
[17-Aug-2020 10:28:10 UTC] PHP Parse error:  syntax error, unexpected 'do_shortcode' (T_STRING) in C:\Users\BELLkawaii1\Local Sites\graphy\app\public\wp-content\themes\graphy\header.php on line 57
[24-Aug-2020 10:14:44 UTC] PHP Fatal error:  Uncaught Error: Cannot use object of type WP_Error as array in C:\Users\BELLkawaii1\Local Sites\graphy\app\public\wp-content\plugins\siteorigin-panels\inc\admin-layouts.php:381
Stack trace:
#0 C:\Users\BELLkawaii1\Local Sites\graphy\app\public\wp-includes\class-wp-hook.php(287): SiteOrigin_Panels_Admin_Layouts->action_get_prebuilt_layout('')
#1 C:\Users\BELLkawaii1\Local Sites\graphy\app\public\wp-includes\class-wp-hook.php(311): WP_Hook->apply_filters('', Array)
#2 C:\Users\BELLkawaii1\Local Sites\graphy\app\public\wp-includes\plugin.php(478): WP_Hook->do_action(Array)
#3 C:\Users\BELLkawaii1\Local Sites\graphy\app\public\wp-admin\admin-ajax.php(175): do_action('wp_ajax_so_pane...')
#4 {main}
  thrown in C:\Users\BELLkawaii1\Local Sites\graphy\app\public\wp-content\plugins\siteorigin-panels\inc\admin-layouts.php on line 381
[24-Aug-2020 10:17:41 UTC] PHP Fatal error:  Uncaught Error: Cannot use object of type WP_Error as array in C:\Users\BELLkawaii1\Local Sites\graphy\app\public\wp-content\plugins\siteorigin-panels\inc\admin-layouts.php:381
Stack trace:
#0 C:\Users\BELLkawaii1\Local Sites\graphy\app\public\wp-includes\class-wp-hook.php(287): SiteOrigin_Panels_Admin_Layouts->action_get_prebuilt_layout('')
#1 C:\Users\BELLkawaii1\Local Sites\graphy\app\public\wp-includes\class-wp-hook.php(311): WP_Hook->apply_filters('', Array)
#2 C:\Users\BELLkawaii1\Local Sites\graphy\app\public\wp-includes\plugin.php(478): WP_Hook->do_action(Array)
#3 C:\Users\BELLkawaii1\Local Sites\graphy\app\public\wp-admin\admin-ajax.php(175): do_action('wp_ajax_so_pane...')
#4 {main}
  thrown in C:\Users\BELLkawaii1\Local Sites\graphy\app\public\wp-content\plugins\siteorigin-panels\inc\admin-layouts.php on line 381
[24-Aug-2020 10:20:59 UTC] PHP Fatal error:  Uncaught Error: Cannot use object of type WP_Error as array in C:\Users\BELLkawaii1\Local Sites\graphy\app\public\wp-content\plugins\siteorigin-panels\inc\admin-layouts.php:381
Stack trace:
#0 C:\Users\BELLkawaii1\Local Sites\graphy\app\public\wp-includes\class-wp-hook.php(287): SiteOrigin_Panels_Admin_Layouts->action_get_prebuilt_layout('')
#1 C:\Users\BELLkawaii1\Local Sites\graphy\app\public\wp-includes\class-wp-hook.php(311): WP_Hook->apply_filters('', Array)
#2 C:\Users\BELLkawaii1\Local Sites\graphy\app\public\wp-includes\plugin.php(478): WP_Hook->do_action(Array)
#3 C:\Users\BELLkawaii1\Local Sites\graphy\app\public\wp-admin\admin-ajax.php(175): do_action('wp_ajax_so_pane...')
#4 {main}
  thrown in C:\Users\BELLkawaii1\Local Sites\graphy\app\public\wp-content\plugins\siteorigin-panels\inc\admin-layouts.php on line 381
[31-Aug-2020 07:33:29 UTC] PHP Warning:  Error while sending QUERY packet. PID=5792 in C:\Users\BELLkawaii1\Local Sites\graphy\app\public\wp-includes\wp-db.php on line 2024
[31-Aug-2020 07:33:29 UTC] PHP Stack trace:
[31-Aug-2020 07:33:29 UTC] PHP   1. {main}() C:\Users\BELLkawaii1\AppData\Local\Programs\Local\resources\extraResources\bin\wp-cli\wp-cli.phar:0
[31-Aug-2020 07:33:29 UTC] PHP   2. include() C:\Users\BELLkawaii1\AppData\Local\Programs\Local\resources\extraResources\bin\wp-cli\wp-cli.phar:4
[31-Aug-2020 07:33:29 UTC] PHP   3. include() phar://C:/Users/BELLkawaii1/AppData/Local/Programs/Local/resources/extraResources/bin/wp-cli/wp-cli.phar/php/boot-phar.php:11
[31-Aug-2020 07:33:29 UTC] PHP   4. WP_CLI\bootstrap() phar://C:/Users/BELLkawaii1/AppData/Local/Programs/Local/resources/extraResources/bin/wp-cli/wp-cli.phar/vendor/wp-cli/wp-cli/php/wp-cli.php:27
[31-Aug-2020 07:33:29 UTC] PHP   5. WP_CLI\Bootstrap\LaunchRunner->process() phar://C:/Users/BELLkawaii1/AppData/Local/Programs/Local/resources/extraResources/bin/wp-cli/wp-cli.phar/vendor/wp-cli/wp-cli/php/bootstrap.php:74
[31-Aug-2020 07:33:29 UTC] PHP   6. WP_CLI\Runner->start() phar://C:/Users/BELLkawaii1/AppData/Local/Programs/Local/resources/extraResources/bin/wp-cli/wp-cli.phar/vendor/wp-cli/wp-cli/php/WP_CLI/Bootstrap/LaunchRunner.php:23
[31-Aug-2020 07:33:29 UTC] PHP   7. WP_CLI\Runner->load_wordpress() phar://C:/Users/BELLkawaii1/AppData/Local/Programs/Local/resources/extraResources/bin/wp-cli/wp-cli.phar/vendor/wp-cli/wp-cli/php/WP_CLI/Runner.php:1158
[31-Aug-2020 07:33:29 UTC] PHP   8. require() phar://C:/Users/BELLkawaii1/AppData/Local/Programs/Local/resources/extraResources/bin/wp-cli/wp-cli.phar/vendor/wp-cli/wp-cli/php/WP_CLI/Runner.php:1237
[31-Aug-2020 07:33:29 UTC] PHP   9. do_action() C:\Users\BELLkawaii1\Local Sites\graphy\app\public\wp-settings.php:540
[31-Aug-2020 07:33:29 UTC] PHP  10. WP_Hook->do_action() C:\Users\BELLkawaii1\Local Sites\graphy\app\public\wp-includes\plugin.php:478
[31-Aug-2020 07:33:29 UTC] PHP  11. WP_Hook->apply_filters() C:\Users\BELLkawaii1\Local Sites\graphy\app\public\wp-includes\class-wp-hook.php:311
[31-Aug-2020 07:33:29 UTC] PHP  12. wp_widgets_init() C:\Users\BELLkawaii1\Local Sites\graphy\app\public\wp-includes\class-wp-hook.php:287
[31-Aug-2020 07:33:29 UTC] PHP  13. do_action() C:\Users\BELLkawaii1\Local Sites\graphy\app\public\wp-includes\widgets.php:1765
[31-Aug-2020 07:33:29 UTC] PHP  14. WP_Hook->do_action() C:\Users\BELLkawaii1\Local Sites\graphy\app\public\wp-includes\plugin.php:478
[31-Aug-2020 07:33:29 UTC] PHP  15. WP_Hook->apply_filters() C:\Users\BELLkawaii1\Local Sites\graphy\app\public\wp-includes\class-wp-hook.php:311
[31-Aug-2020 07:33:29 UTC] PHP  16. WP_Widget_Factory->_register_widgets() C:\Users\BELLkawaii1\Local Sites\graphy\app\public\wp-includes\class-wp-hook.php:287
[31-Aug-2020 07:33:29 UTC] PHP  17. WP_Widget_Text->_register() C:\Users\BELLkawaii1\Local Sites\graphy\app\public\wp-includes\class-wp-widget-factory.php:102
[31-Aug-2020 07:33:29 UTC] PHP  18. WP_Widget_Text->_register_one() C:\Users\BELLkawaii1\Local Sites\graphy\app\public\wp-includes\class-wp-widget.php:252
[31-Aug-2020 07:33:29 UTC] PHP  19. wp_add_inline_script() C:\Users\BELLkawaii1\Local Sites\graphy\app\public\wp-includes\widgets\class-wp-widget-text.php:58
[31-Aug-2020 07:33:29 UTC] PHP  20. wp_scripts() C:\Users\BELLkawaii1\Local Sites\graphy\app\public\wp-includes\functions.wp-scripts.php:128
[31-Aug-2020 07:33:29 UTC] PHP  21. WP_Scripts->__construct() C:\Users\BELLkawaii1\Local Sites\graphy\app\public\wp-includes\functions.wp-scripts.php:23
[31-Aug-2020 07:33:29 UTC] PHP  22. WP_Scripts->init() C:\Users\BELLkawaii1\Local Sites\graphy\app\public\wp-includes\class.wp-scripts.php:142
[31-Aug-2020 07:33:29 UTC] PHP  23. do_action_ref_array() C:\Users\BELLkawaii1\Local Sites\graphy\app\public\wp-includes\class.wp-scripts.php:167
[31-Aug-2020 07:33:29 UTC] PHP  24. WP_Hook->do_action() C:\Users\BELLkawaii1\Local Sites\graphy\app\public\wp-includes\plugin.php:544
[31-Aug-2020 07:33:29 UTC] PHP  25. WP_Hook->apply_filters() C:\Users\BELLkawaii1\Local Sites\graphy\app\public\wp-includes\class-wp-hook.php:311
[31-Aug-2020 07:33:29 UTC] PHP  26. wp_default_packages() C:\Users\BELLkawaii1\Local Sites\graphy\app\public\wp-includes\class-wp-hook.php:287
[31-Aug-2020 07:33:29 UTC] PHP  27. wp_register_tinymce_scripts() C:\Users\BELLkawaii1\Local Sites\graphy\app\public\wp-includes\script-loader.php:526
[31-Aug-2020 07:33:29 UTC] PHP  28. script_concat_settings() C:\Users\BELLkawaii1\Local Sites\graphy\app\public\wp-includes\script-loader.php:49
[31-Aug-2020 07:33:29 UTC] PHP  29. get_site_option() C:\Users\BELLkawaii1\Local Sites\graphy\app\public\wp-includes\script-loader.php:2436
[31-Aug-2020 07:33:29 UTC] PHP  30. get_network_option() C:\Users\BELLkawaii1\Local Sites\graphy\app\public\wp-includes\option.php:1154
[31-Aug-2020 07:33:29 UTC] PHP  31. get_option() C:\Users\BELLkawaii1\Local Sites\graphy\app\public\wp-includes\option.php:1289
[31-Aug-2020 07:33:29 UTC] PHP  32. wpdb->get_row() C:\Users\BELLkawaii1\Local Sites\graphy\app\public\wp-includes\option.php:100
[31-Aug-2020 07:33:29 UTC] PHP  33. wpdb->query() C:\Users\BELLkawaii1\Local Sites\graphy\app\public\wp-includes\wp-db.php:2563
[31-Aug-2020 07:33:29 UTC] PHP  34. wpdb->_do_query() C:\Users\BELLkawaii1\Local Sites\graphy\app\public\wp-includes\wp-db.php:1912
[31-Aug-2020 07:33:29 UTC] PHP  35. mysqli_query() C:\Users\BELLkawaii1\Local Sites\graphy\app\public\wp-includes\wp-db.php:2024
